<?xml version="1.0" encoding="UTF-8"?>
<!-- Generated by org.testng.reporters.JUnitReportReporter -->
<testsuite hostname="DESKTOP-P8C3LQ7" failures="0" tests="8" name="JupitorToy.TestCase" time="38.649" errors="0" timestamp="2021-07-25T18:19:49 AWST" skipped="0">
  <testcase classname="JupitorToy.TestCase" name="TestCase1" time="2.228"/>
  <system-out/>
  <testcase classname="JupitorToy.TestCase" name="TestCase2" time="3.851"/>
  <system-out/>
  <testcase classname="JupitorToy.TestCase" name="TestCase4" time="1.072"/>
  <system-out/>
  <testcase classname="JupitorToy.TestCase" name="TestCase2" time="3.862"/>
  <system-out/>
  <testcase classname="JupitorToy.TestCase" name="TestCase2" time="5.596"/>
  <system-out/>
  <testcase classname="JupitorToy.TestCase" name="TestCase2" time="13.913"/>
  <system-out/>
  <testcase classname="JupitorToy.TestCase" name="TestCase3" time="1.501"/>
  <system-out/>
  <testcase classname="JupitorToy.TestCase" name="TestCase2" time="6.626"/>
  <system-out/>
</testsuite> <!-- JupitorToy.TestCase -->
