<?xml version="1.0" encoding="UTF-8"?>
<!-- Generated by org.testng.reporters.JUnitReportReporter -->
<testsuite hostname="DESKTOP-P8C3LQ7" failures="0" tests="1" name="JupitorToy.TestCase" time="66.585" errors="0" timestamp="2021-07-25T18:02:51 AWST" skipped="0">
  <testcase classname="JupitorToy.TestCase" name="TestCase4" time="66.585"/>
  <system-out/>
</testsuite> <!-- JupitorToy.TestCase -->
